SYNC...
db=0 "key:000000000071" -> "xxx"
db=0 "key:000000000016" -> "xxx"
db=0 "key:000000000092" -> "xxx"
db=0 "key:000000000089" -> "xxx"
db=0 "key:000000000017" -> "xxx"
db=0 "counter:__rand_int__" -> "10000"
db=0 "key:000000000049" -> "xxx"
db=0 "key:000000000031" -> "xxx"
db=0 "key:000000000059" -> "xxx"
db=0 "key:000000000094" -> "xxx"
db=0 "key:000000000008" -> "xxx"
db=0 "key:000000000042" -> "xxx"
db=0 "key:000000000007" -> "xxx"
db=0 "key:000000000023" -> "xxx"
db=0 "key:000000000093" -> "xxx"
db=0 "key:000000000084" -> "xxx"
db=0 "key:000000000096" -> "xxx"
db=0 "key:000000000019" -> "xxx"
db=0 "key:000000000032" -> "xxx"
db=0 "key:000000000061" -> "xxx"
db=0 "key:000000000037" -> "xxx"
db=0 "key:000000000088" -> "xxx"
db=0 "key:000000000067" -> "xxx"
db=0 "key:000000000091" -> "xxx"
db=0 "key:000000000041" -> "xxx"
db=0 "key:000000000022" -> "xxx"
db=0 "key:000000000077" -> "xxx"
db=0 "key:000000000053" -> "xxx"
db=0 "key:000000000013" -> "xxx"
db=0 "key:000000000040" -> "xxx"
db=0 "key:000000000068" -> "xxx"
db=0 "key:000000000056" -> "xxx"
db=0 "key:000000000003" -> "xxx"
db=0 "key:000000000020" -> "xxx"
db=0 "key:000000000051" -> "xxx"
db=0 "key:000000000083" -> "xxx"
db=0 "key:000000000000" -> "xxx"
db=0 "key:000000000009" -> "xxx"
db=0 "key:000000000072" -> "xxx"
db=0 "key:000000000066" -> "xxx"
db=0 "key:000000000027" -> "xxx"
db=0 "key:000000000057" -> "xxx"
db=0 "key:000000000028" -> "xxx"
db=0 "key:000000000070" -> "xxx"
db=0 "key:000000000065" -> "xxx"
db=0 "key:000000000014" -> "xxx"
db=0 "key:000000000098" -> "xxx"
db=0 "key:000000000034" -> "xxx"
db=0 "key:000000000069" -> "xxx"
db=0 "key:000000000074" -> "xxx"
db=0 "key:000000000036" -> "xxx"
db=0 "key:000000000078" -> "xxx"
db=0 "key:000000000060" -> "xxx"
db=0 "key:000000000086" -> "xxx"
db=0 "key:000000000002" -> "xxx"
db=0 "key:000000000082" -> "xxx"
db=0 "key:000000000085" -> "xxx"
db=0 "key:000000000039" -> "xxx"
db=0 "key:__rand_int__" -> "xxx"
db=0 "key:000000000045" -> "xxx"
db=0 "key:000000000004" -> "xxx"
db=0 "key:000000000005" -> "xxx"
db=0 "key:000000000050" -> "xxx"
db=0 "key:000000000087" -> "xxx"
db=0 "key:000000000033" -> "xxx"
db=0 "key:000000000015" -> "xxx"
db=0 "key:000000000058" -> "xxx"
db=0 "key:000000000055" -> "xxx"
db=0 "key:000000000043" -> "xxx"
db=0 "key:000000000044" -> "xxx"
db=0 "key:000000000030" -> "xxx"
db=0 "key:000000000025" -> "xxx"
db=0 "key:000000000064" -> "xxx"
db=0 "key:000000000021" -> "xxx"
db=0 "key:000000000038" -> "xxx"
db=0 "key:000000000026" -> "xxx"
db=0 "key:000000000073" -> "xxx"
db=0 "key:000000000018" -> "xxx"
db=0 "key:000000000079" -> "xxx"
db=0 "key:000000000080" -> "xxx"
db=0 "key:000000000047" -> "xxx"
db=0 "key:000000000010" -> "xxx"
db=0 "key:000000000063" -> "xxx"
db=0 "key:000000000052" -> "xxx"
db=0 "key:000000000075" -> "xxx"
db=0 "key:000000000006" -> "xxx"
db=0 "key:000000000029" -> "xxx"
db=0 "key:000000000011" -> "xxx"
db=0 "key:000000000090" -> "xxx"
db=0 "key:000000000024" -> "xxx"
db=0 "key:000000000076" -> "xxx"
db=0 "key:000000000048" -> "xxx"
db=0 "key:000000000035" -> "xxx"
db=0 "key:000000000062" -> "xxx"
db=0 "key:000000000054" -> "xxx"
db=0 "key:000000000012" -> "xxx"
db=0 "key:000000000099" -> "xxx"
db=0 "key:000000000001" -> "xxx"
db=0 "key:000000000046" -> "xxx"
db=0 "key:000000000095" -> "xxx"
db=0 "key:000000000097" -> "xxx"
db=0 "key:000000000081" -> "xxx"
End RDB
*1\r\n
$4\r\n
PING\r\n
*1\r\n
$4\r\n
PING\r\n
*1\r\n
$4\r\n
PING\r\n
*1\r\n
$4\r\n
PING\r\n
