[2013-10-08 02:45:45] skip byte '3' 3
[2013-10-08 02:45:45] skip byte '5' 5
[2013-10-08 02:45:45] skip byte '5' 5
[2013-10-08 02:45:45] skip byte '"' "
[2013-10-08 02:45:45] skip byte ',' ,
[2013-10-08 02:45:45] skip byte '"' "
[2013-10-08 02:45:45] skip byte 't' t
[2013-10-08 02:45:45] skip byte 'i' i
[2013-10-08 02:45:45] skip byte 'm' m
[2013-10-08 02:45:45] skip byte 'e' e
[2013-10-08 02:45:45] skip byte '"' "
[2013-10-08 02:45:45] skip byte ':' :
[2013-10-08 02:45:45] skip byte '"' "
[2013-10-08 02:45:45] skip byte '1' 1
[2013-10-08 02:45:45] skip byte '3' 3
[2013-10-08 02:45:45] skip byte '8' 8
[2013-10-08 02:45:45] skip byte '1' 1
[2013-10-08 02:45:45] skip byte '1' 1
[2013-10-08 02:45:45] skip byte '7' 7
[2013-10-08 02:45:45] skip byte '1' 1
[2013-10-08 02:45:45] skip byte '0' 0
[2013-10-08 02:45:45] skip byte '5' 5
[2013-10-08 02:45:45] skip byte '9' 9
[2013-10-08 02:45:45] skip byte '1' 1
[2013-10-08 02:45:45] skip byte '8' 8
[2013-10-08 02:45:45] skip byte '4' 4
[2013-10-08 02:45:45] skip byte '"' "
[2013-10-08 02:45:45] skip byte ',' ,
[2013-10-08 02:45:45] skip byte '"' "
[2013-10-08 02:45:45] skip byte 'h' h
[2013-10-08 02:45:45] skip byte 'o' o
[2013-10-08 02:45:45] skip byte 's' s
[2013-10-08 02:45:45] skip byte 't' t
[2013-10-08 02:45:45] skip byte '"' "
[2013-10-08 02:45:45] skip byte ':' :
[2013-10-08 02:45:45] skip byte '"' "
[2013-10-08 02:45:45] skip byte '1' 1
[2013-10-08 02:45:45] skip byte '0' 0
[2013-10-08 02:45:45] skip byte '.' .
[2013-10-08 02:45:45] skip byte '8' 8
[2013-10-08 02:45:45] skip byte '0' 0
[2013-10-08 02:45:45] skip byte '.' .
[2013-10-08 02:45:45] skip byte '1' 1
[2013-10-08 02:45:45] skip byte '0' 0
[2013-10-08 02:45:45] skip byte '0' 0
[2013-10-08 02:45:45] skip byte '.' .
[2013-10-08 02:45:45] skip byte '7' 7
[2013-10-08 02:45:45] skip byte '3' 3
[2013-10-08 02:45:45] skip byte '"' "
[2013-10-08 02:45:45] skip byte ',' ,
[2013-10-08 02:45:45] skip byte '"' "
[2013-10-08 02:45:45] skip byte 'p' p
[2013-10-08 02:45:45] skip byte 'r' r
[2013-10-08 02:45:45] skip byte 'e' e
[2013-10-08 02:45:45] skip byte 's' s
[2013-10-08 02:45:45] skip byte 'e' e
[2013-10-08 02:45:45] skip byte 'n' n
[2013-10-08 02:45:45] skip byte 'c' c
[2013-10-08 02:45:45] skip byte 'e' e
[2013-10-08 02:45:45] skip byte '"' "
[2013-10-08 02:45:45] skip byte ':' :
[2013-10-08 02:45:45] skip byte '"' "
[2013-10-08 02:45:45] skip byte 'o' o
[2013-10-08 02:45:45] skip byte 'n' n
[2013-10-08 02:45:45] skip byte 'l' l
[2013-10-08 02:45:45] skip byte 'i' i
[2013-10-08 02:45:45] skip byte 'n' n
[2013-10-08 02:45:45] skip byte 'e' e
[2013-10-08 02:45:45] skip byte '"' "
[2013-10-08 02:45:45] skip byte ',' ,
[2013-10-08 02:45:45] skip byte '"' "
[2013-10-08 02:45:45] skip byte 's' s
[2013-10-08 02:45:45] skip byte 'e' e
[2013-10-08 02:45:45] skip byte 'r' r
[2013-10-08 02:45:45] skip byte 'v' v
[2013-10-08 02:45:45] skip byte 'e' e
[2013-10-08 02:45:45] skip byte 'r' r
[2013-10-08 02:45:45] skip byte '"' "
[2013-10-08 02:45:45] skip byte ':' :
[2013-10-08 02:45:45] skip byte '"' "
[2013-10-08 02:45:45] skip byte 'c' c
[2013-10-08 02:45:45] skip byte 'o' o
[2013-10-08 02:45:45] skip byte 'n' n
[2013-10-08 02:45:45] skip byte 'n' n
[2013-10-08 02:45:45] skip byte 'e' e
[2013-10-08 02:45:45] skip byte 'c' c
[2013-10-08 02:45:45] skip byte 't' t
[2013-10-08 02:45:45] skip byte 'o' o
[2013-10-08 02:45:45] skip byte 'r' r
[2013-10-08 02:45:45] skip byte '_' _
[2013-10-08 02:45:45] skip byte '2' 2
[2013-10-08 02:45:45] skip byte '"' "
[2013-10-08 02:45:45] skip byte '}' }
[2013-10-08 02:45:45] skip byte '\r' 
[2013-10-08 02:45:45] skip byte '\n'